<?xml version="1.0" encoding="UTF-8"?>
<!-- Generated by org.testng.reporters.JUnitReportReporter -->
<testsuite skipped="0" hostname="MeghShiv" name="com.ultimateqa.testsuite.LoginPageTest" tests="1" failures="0" timestamp="2022-12-12T22:20:14 GMT" time="10.546" errors="0">
  <testcase name="verifyTheErrorMessage" time="10.546" classname="com.ultimateqa.testsuite.LoginPageTest"/>
  <system-out>
    <![CDATA[Click on SignInLink[[ChromeDriver: chrome on WINDOWS (ac268f746c8f13ecca016a7ce58f9144)] -> xpath: //a[contains(text(),'Sign In')]]
Enter emailtesting13@gail.com to email field [[ChromeDriver: chrome on WINDOWS (ac268f746c8f13ecca016a7ce58f9144)] -> id: user[email]]
Enter passwordtest34 to password field [[ChromeDriver: chrome on WINDOWS (ac268f746c8f13ecca016a7ce58f9144)] -> name: user[password]]
Click on Sign In Button[[ChromeDriver: chrome on WINDOWS (ac268f746c8f13ecca016a7ce58f9144)] -> xpath: //button[contains(text(),'Sign in')]]
Get Error Message[[ChromeDriver: chrome on WINDOWS (ac268f746c8f13ecca016a7ce58f9144)] -> xpath: //li[contains(text(),'Invalid email or password.')]]]]>
  </system-out>
</testsuite> <!-- com.ultimateqa.testsuite.LoginPageTest -->
